# JRE version: OpenJDK Runtime Environment Temurin-17.0.11+9 (17.0.11+9) (build 17.0.11+9)
# Java VM: OpenJDK 64-Bit Server VM Temurin-17.0.11+9 (17.0.11+9, mixed mode, tiered, compressed oops, compressed class ptrs, parallel gc, windows-amd64)
GC Precious Log:
 CPUs: 12 total, 12 available
 Memory: 16204M
 Large Page Support: Disabled
 NUMA Support: Disabled
 Compressed Oops: Enabled (32-bit)
 Alignments: Space 512K, Generation 512K, Heap 2M
 Heap Min Capacity: 100M
 Heap Initial Capacity: 100M
 Heap Max Capacity: 1G
 Pre-touch: Disabled
 Parallel Workers: 10
Heap:
 PSYoungGen      total 10752K, used 5508K [0x00000000eab00000, 0x00000000eba00000, 0x0000000100000000)
  eden space 6144K, 18% used [0x00000000eab00000,0x00000000eac21060,0x00000000eb100000)
  from space 4608K, 94% used [0x00000000eb100000,0x00000000eb53fff0,0x00000000eb580000)
  to   space 4608K, 0% used [0x00000000eb580000,0x00000000eb580000,0x00000000eba00000)
 ParOldGen       total 441344K, used 392776K [0x00000000c0000000, 0x00000000daf00000, 0x00000000eab00000)
  object space 441344K, 88% used [0x00000000c0000000,0x00000000d7f922a0,0x00000000daf00000)
 Metaspace       used 57356K, committed 58240K, reserved 1114112K
  class space    used 5303K, committed 5696K, reserved 1048576K
GC Heap History (20 events):
Event: 106.221 GC heap before
{Heap before GC invocations=1042 (full 26):
 PSYoungGen      total 14336K, used 14333K [0x00000000eab00000, 0x00000000ec400000, 0x0000000100000000)
  eden space 6144K, 99% used [0x00000000eab00000,0x00000000eb0ffee8,0x00000000eb100000)
  from space 8192K, 99% used [0x00000000eb200000,0x00000000eb9ff6a8,0x00000000eba00000)
  to   space 9728K, 0% used [0x00000000eba80000,0x00000000eba80000,0x00000000ec400000)
 ParOldGen       total 421376K, used 408228K [0x00000000c0000000, 0x00000000d9b80000, 0x00000000eab00000)
  object space 421376K, 96% used [0x00000000c0000000,0x00000000d8ea9290,0x00000000d9b80000)
 Metaspace       used 57308K, committed 58176K, reserved 1114112K
  class space    used 5301K, committed 5696K, reserved 1048576K
}
Event: 106.225 GC heap after
{Heap after GC invocations=1042 (full 26):
 PSYoungGen      total 14336K, used 7804K [0x00000000eab00000, 0x00000000ec280000, 0x0000000100000000)
  eden space 6144K, 0% used [0x00000000eab00000,0x00000000eab00000,0x00000000eb100000)
  from space 8192K, 95% used [0x00000000eba80000,0x00000000ec21f2a0,0x00000000ec280000)
  to   space 8704K, 0% used [0x00000000eb180000,0x00000000eb180000,0x00000000eba00000)
 ParOldGen       total 421376K, used 410535K [0x00000000c0000000, 0x00000000d9b80000, 0x00000000eab00000)
  object space 421376K, 97% used [0x00000000c0000000,0x00000000d90e9d78,0x00000000d9b80000)
 Metaspace       used 57308K, committed 58176K, reserved 1114112K
  class space    used 5301K, committed 5696K, reserved 1048576K
}
Event: 106.484 GC heap before
{Heap before GC invocations=1043 (full 26):
 PSYoungGen      total 14336K, used 13948K [0x00000000eab00000, 0x00000000ec280000, 0x0000000100000000)
  eden space 6144K, 100% used [0x00000000eab00000,0x00000000eb100000,0x00000000eb100000)
  from space 8192K, 95% used [0x00000000eba80000,0x00000000ec21f2a0,0x00000000ec280000)
  to   space 8704K, 0% used [0x00000000eb180000,0x00000000eb180000,0x00000000eba00000)
 ParOldGen       total 421376K, used 410535K [0x00000000c0000000, 0x00000000d9b80000, 0x00000000eab00000)
  object space 421376K, 97% used [0x00000000c0000000,0x00000000d90e9d78,0x00000000d9b80000)
 Metaspace       used 57308K, committed 58176K, reserved 1114112K
  class space    used 5301K, committed 5696K, reserved 1048576K
}
Event: 106.487 GC heap after
{Heap after GC invocations=1043 (full 26):
 PSYoungGen      total 14848K, used 8702K [0x00000000eab00000, 0x00000000ec300000, 0x0000000100000000)
  eden space 6144K, 0% used [0x00000000eab00000,0x00000000eab00000,0x00000000eb100000)
  from space 8704K, 99% used [0x00000000eb180000,0x00000000eb9ffa80,0x00000000eba00000)
  to   space 9216K, 0% used [0x00000000eba00000,0x00000000eba00000,0x00000000ec300000)
 ParOldGen       total 421376K, used 410815K [0x00000000c0000000, 0x00000000d9b80000, 0x00000000eab00000)
  object space 421376K, 97% used [0x00000000c0000000,0x00000000d912fda8,0x00000000d9b80000)
 Metaspace       used 57308K, committed 58176K, reserved 1114112K
  class space    used 5301K, committed 5696K, reserved 1048576K
}
Event: 106.969 GC heap before
{Heap before GC invocations=1044 (full 26):
 PSYoungGen      total 14848K, used 14846K [0x00000000eab00000, 0x00000000ec300000, 0x0000000100000000)
  eden space 6144K, 100% used [0x00000000eab00000,0x00000000eb100000,0x00000000eb100000)
  from space 8704K, 99% used [0x00000000eb180000,0x00000000eb9ffa80,0x00000000eba00000)
  to   space 9216K, 0% used [0x00000000eba00000,0x00000000eba00000,0x00000000ec300000)
 ParOldGen       total 421376K, used 410815K [0x00000000c0000000, 0x00000000d9b80000, 0x00000000eab00000)
  object space 421376K, 97% used [0x00000000c0000000,0x00000000d912fda8,0x00000000d9b80000)
 Metaspace       used 57308K, committed 58176K, reserved 1114112K
  class space    used 5301K, committed 5696K, reserved 1048576K
}
Event: 106.973 GC heap after
{Heap after GC invocations=1044 (full 26):
 PSYoungGen      total 12800K, used 6629K [0x00000000eab00000, 0x00000000ec080000, 0x0000000100000000)
  eden space 6144K, 0% used [0x00000000eab00000,0x00000000eab00000,0x00000000eb100000)
  from space 6656K, 99% used [0x00000000eba00000,0x00000000ec079750,0x00000000ec080000)
  to   space 7680K, 0% used [0x00000000eb180000,0x00000000eb180000,0x00000000eb900000)
 ParOldGen       total 421376K, used 413841K [0x00000000c0000000, 0x00000000d9b80000, 0x00000000eab00000)
  object space 421376K, 98% used [0x00000000c0000000,0x00000000d9424500,0x00000000d9b80000)
 Metaspace       used 57308K, committed 58176K, reserved 1114112K
  class space    used 5301K, committed 5696K, reserved 1048576K
}
Event: 107.367 GC heap before
{Heap before GC invocations=1045 (full 26):
 PSYoungGen      total 12800K, used 12773K [0x00000000eab00000, 0x00000000ec080000, 0x0000000100000000)
  eden space 6144K, 100% used [0x00000000eab00000,0x00000000eb100000,0x00000000eb100000)
  from space 6656K, 99% used [0x00000000eba00000,0x00000000ec079750,0x00000000ec080000)
  to   space 7680K, 0% used [0x00000000eb180000,0x00000000eb180000,0x00000000eb900000)
 ParOldGen       total 421376K, used 413841K [0x00000000c0000000, 0x00000000d9b80000, 0x00000000eab00000)
  object space 421376K, 98% used [0x00000000c0000000,0x00000000d9424500,0x00000000d9b80000)
 Metaspace       used 57308K, committed 58176K, reserved 1114112K
  class space    used 5301K, committed 5696K, reserved 1048576K
}
Event: 107.370 GC heap after
{Heap after GC invocations=1045 (full 26):
 PSYoungGen      total 13824K, used 7667K [0x00000000eab00000, 0x00000000ec100000, 0x0000000100000000)
  eden space 6144K, 0% used [0x00000000eab00000,0x00000000eab00000,0x00000000eb100000)
  from space 7680K, 99% used [0x00000000eb180000,0x00000000eb8fcd50,0x00000000eb900000)
  to   space 8192K, 0% used [0x00000000eb900000,0x00000000eb900000,0x00000000ec100000)
 ParOldGen       total 421376K, used 413872K [0x00000000c0000000, 0x00000000d9b80000, 0x00000000eab00000)
  object space 421376K, 98% used [0x00000000c0000000,0x00000000d942c0e8,0x00000000d9b80000)
 Metaspace       used 57308K, committed 58176K, reserved 1114112K
  class space    used 5301K, committed 5696K, reserved 1048576K
}
Event: 107.606 GC heap before
{Heap before GC invocations=1046 (full 26):
 PSYoungGen      total 13824K, used 13811K [0x00000000eab00000, 0x00000000ec100000, 0x0000000100000000)
  eden space 6144K, 100% used [0x00000000eab00000,0x00000000eb100000,0x00000000eb100000)
  from space 7680K, 99% used [0x00000000eb180000,0x00000000eb8fcd50,0x00000000eb900000)
  to   space 8192K, 0% used [0x00000000eb900000,0x00000000eb900000,0x00000000ec100000)
 ParOldGen       total 421376K, used 413872K [0x00000000c0000000, 0x00000000d9b80000, 0x00000000eab00000)
  object space 421376K, 98% used [0x00000000c0000000,0x00000000d942c0e8,0x00000000d9b80000)
 Metaspace       used 57308K, committed 58176K, reserved 1114112K
  class space    used 5301K, committed 5696K, reserved 1048576K
}
Event: 107.610 GC heap after
{Heap after GC invocations=1046 (full 26):
 PSYoungGen      total 12800K, used 6389K [0x00000000eab00000, 0x00000000ebf80000, 0x0000000100000000)
  eden space 6144K, 0% used [0x00000000eab00000,0x00000000eab00000,0x00000000eb100000)
  from space 6656K, 96% used [0x00000000eb900000,0x00000000ebf3d7a8,0x00000000ebf80000)
  to   space 7168K, 0% used [0x00000000eb180000,0x00000000eb180000,0x00000000eb880000)
 ParOldGen       total 421376K, used 416789K [0x00000000c0000000, 0x00000000d9b80000, 0x00000000eab00000)
  object space 421376K, 98% used [0x00000000c0000000,0x00000000d9705518,0x00000000d9b80000)
 Metaspace       used 57308K, committed 58176K, reserved 1114112K
  class space    used 5301K, committed 5696K, reserved 1048576K
}
Event: 107.915 GC heap before
{Heap before GC invocations=1047 (full 26):
 PSYoungGen      total 12800K, used 12533K [0x00000000eab00000, 0x00000000ebf80000, 0x0000000100000000)
  eden space 6144K, 100% used [0x00000000eab00000,0x00000000eb100000,0x00000000eb100000)
  from space 6656K, 96% used [0x00000000eb900000,0x00000000ebf3d7a8,0x00000000ebf80000)
  to   space 7168K, 0% used [0x00000000eb180000,0x00000000eb180000,0x00000000eb880000)
 ParOldGen       total 421376K, used 416789K [0x00000000c0000000, 0x00000000d9b80000, 0x00000000eab00000)
  object space 421376K, 98% used [0x00000000c0000000,0x00000000d9705518,0x00000000d9b80000)
 Metaspace       used 57312K, committed 58176K, reserved 1114112K
  class space    used 5302K, committed 5696K, reserved 1048576K
}
Event: 107.922 GC heap after
{Heap after GC invocations=1047 (full 26):
 PSYoungGen      total 13312K, used 7149K [0x00000000eab00000, 0x00000000ec000000, 0x0000000100000000)
  eden space 6144K, 0% used [0x00000000eab00000,0x00000000eab00000,0x00000000eb100000)
  from space 7168K, 99% used [0x00000000eb180000,0x00000000eb87b4d8,0x00000000eb880000)
  to   space 7680K, 0% used [0x00000000eb880000,0x00000000eb880000,0x00000000ec000000)
 ParOldGen       total 421376K, used 416997K [0x00000000c0000000, 0x00000000d9b80000, 0x00000000eab00000)
  object space 421376K, 98% used [0x00000000c0000000,0x00000000d9739568,0x00000000d9b80000)
 Metaspace       used 57312K, committed 58176K, reserved 1114112K
  class space    used 5302K, committed 5696K, reserved 1048576K
}
Event: 108.166 GC heap before
{Heap before GC invocations=1048 (full 26):
 PSYoungGen      total 13312K, used 13293K [0x00000000eab00000, 0x00000000ec000000, 0x0000000100000000)
  eden space 6144K, 100% used [0x00000000eab00000,0x00000000eb100000,0x00000000eb100000)
  from space 7168K, 99% used [0x00000000eb180000,0x00000000eb87b4d8,0x00000000eb880000)
  to   space 7680K, 0% used [0x00000000eb880000,0x00000000eb880000,0x00000000ec000000)
 ParOldGen       total 421376K, used 416997K [0x00000000c0000000, 0x00000000d9b80000, 0x00000000eab00000)
  object space 421376K, 98% used [0x00000000c0000000,0x00000000d9739568,0x00000000d9b80000)
 Metaspace       used 57312K, committed 58176K, reserved 1114112K
  class space    used 5302K, committed 5696K, reserved 1048576K
}
Event: 108.170 GC heap after
{Heap after GC invocations=1048 (full 26):
 PSYoungGen      total 12288K, used 5758K [0x00000000eab00000, 0x00000000ebe80000, 0x0000000100000000)
  eden space 6144K, 0% used [0x00000000eab00000,0x00000000eab00000,0x00000000eb100000)
  from space 6144K, 93% used [0x00000000eb880000,0x00000000ebe1fb78,0x00000000ebe80000)
  to   space 6656K, 0% used [0x00000000eb180000,0x00000000eb180000,0x00000000eb800000)
 ParOldGen       total 421376K, used 419858K [0x00000000c0000000, 0x00000000d9b80000, 0x00000000eab00000)
  object space 421376K, 99% used [0x00000000c0000000,0x00000000d9a04bd0,0x00000000d9b80000)
 Metaspace       used 57312K, committed 58176K, reserved 1114112K
  class space    used 5302K, committed 5696K, reserved 1048576K
}
Event: 108.170 GC heap before
{Heap before GC invocations=1049 (full 27):
 PSYoungGen      total 12288K, used 5758K [0x00000000eab00000, 0x00000000ebe80000, 0x0000000100000000)
  eden space 6144K, 0% used [0x00000000eab00000,0x00000000eab00000,0x00000000eb100000)
  from space 6144K, 93% used [0x00000000eb880000,0x00000000ebe1fb78,0x00000000ebe80000)
  to   space 6656K, 0% used [0x00000000eb180000,0x00000000eb180000,0x00000000eb800000)
 ParOldGen       total 421376K, used 419858K [0x00000000c0000000, 0x00000000d9b80000, 0x00000000eab00000)
  object space 421376K, 99% used [0x00000000c0000000,0x00000000d9a04bd0,0x00000000d9b80000)
 Metaspace       used 57312K, committed 58176K, reserved 1114112K
  class space    used 5302K, committed 5696K, reserved 1048576K
}
Event: 108.454 GC heap after
{Heap after GC invocations=1049 (full 27):
 PSYoungGen      total 6656K, used 0K [0x00000000eab00000, 0x00000000ebe00000, 0x0000000100000000)
  eden space 6144K, 0% used [0x00000000eab00000,0x00000000eab00000,0x00000000eb100000)
  from space 512K, 0% used [0x00000000eb180000,0x00000000eb180000,0x00000000eb200000)
  to   space 6656K, 0% used [0x00000000eb780000,0x00000000eb780000,0x00000000ebe00000)
 ParOldGen       total 441344K, used 391335K [0x00000000c0000000, 0x00000000daf00000, 0x00000000eab00000)
  object space 441344K, 88% used [0x00000000c0000000,0x00000000d7e29d10,0x00000000daf00000)
 Metaspace       used 57312K, committed 58176K, reserved 1114112K
  class space    used 5302K, committed 5696K, reserved 1048576K
}
Event: 108.543 GC heap before
{Heap before GC invocations=1050 (full 27):
 PSYoungGen      total 6656K, used 6144K [0x00000000eab00000, 0x00000000ebe00000, 0x0000000100000000)
  eden space 6144K, 100% used [0x00000000eab00000,0x00000000eb100000,0x00000000eb100000)
  from space 512K, 0% used [0x00000000eb180000,0x00000000eb180000,0x00000000eb200000)
  to   space 6656K, 0% used [0x00000000eb780000,0x00000000eb780000,0x00000000ebe00000)
 ParOldGen       total 441344K, used 391335K [0x00000000c0000000, 0x00000000daf00000, 0x00000000eab00000)
  object space 441344K, 88% used [0x00000000c0000000,0x00000000d7e29d10,0x00000000daf00000)
 Metaspace       used 57316K, committed 58176K, reserved 1114112K
  class space    used 5302K, committed 5696K, reserved 1048576K
}
Event: 108.545 GC heap after
{Heap after GC invocations=1050 (full 27):
 PSYoungGen      total 8192K, used 1677K [0x00000000eab00000, 0x00000000eb980000, 0x0000000100000000)
  eden space 6144K, 0% used [0x00000000eab00000,0x00000000eab00000,0x00000000eb100000)
  from space 2048K, 81% used [0x00000000eb780000,0x00000000eb923578,0x00000000eb980000)
  to   space 3584K, 0% used [0x00000000eb280000,0x00000000eb280000,0x00000000eb600000)
 ParOldGen       total 441344K, used 391335K [0x00000000c0000000, 0x00000000daf00000, 0x00000000eab00000)
  object space 441344K, 88% used [0x00000000c0000000,0x00000000d7e29d10,0x00000000daf00000)
 Metaspace       used 57316K, committed 58176K, reserved 1114112K
  class space    used 5302K, committed 5696K, reserved 1048576K
}
Event: 108.576 GC heap before
{Heap before GC invocations=1051 (full 27):
 PSYoungGen      total 8192K, used 7821K [0x00000000eab00000, 0x00000000eb980000, 0x0000000100000000)
  eden space 6144K, 100% used [0x00000000eab00000,0x00000000eb100000,0x00000000eb100000)
  from space 2048K, 81% used [0x00000000eb780000,0x00000000eb923578,0x00000000eb980000)
  to   space 3584K, 0% used [0x00000000eb280000,0x00000000eb280000,0x00000000eb600000)
 ParOldGen       total 441344K, used 391335K [0x00000000c0000000, 0x00000000daf00000, 0x00000000eab00000)
  object space 441344K, 88% used [0x00000000c0000000,0x00000000d7e29d10,0x00000000daf00000)
 Metaspace       used 57323K, committed 58176K, reserved 1114112K
  class space    used 5302K, committed 5696K, reserved 1048576K
}
Event: 108.578 GC heap after
{Heap after GC invocations=1051 (full 27):
 PSYoungGen      total 9216K, used 2957K [0x00000000eab00000, 0x00000000eb800000, 0x0000000100000000)
  eden space 6144K, 0% used [0x00000000eab00000,0x00000000eab00000,0x00000000eb100000)
  from space 3072K, 96% used [0x00000000eb280000,0x00000000eb563578,0x00000000eb580000)
  to   space 2560K, 0% used [0x00000000eb580000,0x00000000eb580000,0x00000000eb800000)
 ParOldGen       total 441344K, used 391335K [0x00000000c0000000, 0x00000000daf00000, 0x00000000eab00000)
  object space 441344K, 88% used [0x00000000c0000000,0x00000000d7e29d10,0x00000000daf00000)
 Metaspace       used 57323K, committed 58176K, reserved 1114112K
  class space    used 5302K, committed 5696K, reserved 1048576K
}

